# JRE version: Java(TM) SE Runtime Environment (8.0_261-b12) (build 1.8.0_261-b12)
# Java VM: Java HotSpot(TM) 64-Bit Server VM (25.261-b12 mixed mode windows-amd64 compressed oops)
Heap:
 PSYoungGen      total 537088K, used 353823K [0x000000076bd00000, 0x000000078de00000, 0x00000007c0000000)
  eden space 519168K, 68% used [0x000000076bd00000,0x000000078162fce0,0x000000078b800000)
  from space 17920K, 1% used [0x000000078ca80000,0x000000078cad8000,0x000000078dc00000)
  to   space 18944K, 0% used [0x000000078b800000,0x000000078b800000,0x000000078ca80000)
 ParOldGen       total 173568K, used 17984K [0x00000006c3600000, 0x00000006cdf80000, 0x000000076bd00000)
  object space 173568K, 10% used [0x00000006c3600000,0x00000006c4790070,0x00000006cdf80000)
 Metaspace       used 9771K, capacity 9930K, committed 10112K, reserved 1058816K
  class space    used 1062K, capacity 1118K, committed 1152K, reserved 1048576K
GC Heap History (10 events):
Event: 1.930 GC heap before
{Heap before GC invocations=4 (full 0):
 PSYoungGen      total 75776K, used 75747K [0x000000076bd00000, 0x0000000775100000, 0x00000007c0000000)
  eden space 65024K, 100% used [0x000000076bd00000,0x000000076fc80000,0x000000076fc80000)
  from space 10752K, 99% used [0x000000076fc80000,0x00000007706f8fa0,0x0000000770700000)
  to   space 10752K, 0% used [0x0000000774680000,0x0000000774680000,0x0000000775100000)
 ParOldGen       total 173568K, used 7482K [0x00000006c3600000, 0x00000006cdf80000, 0x000000076bd00000)
  object space 173568K, 4% used [0x00000006c3600000,0x00000006c3d4e870,0x00000006cdf80000)
 Metaspace       used 9669K, capacity 9802K, committed 9856K, reserved 1058816K
  class space    used 1055K, capacity 1118K, committed 1152K, reserved 1048576K
Event: 1.934 GC heap after
Heap after GC invocations=4 (full 0):
 PSYoungGen      total 140800K, used 10723K [0x000000076bd00000, 0x0000000775100000, 0x00000007c0000000)
  eden space 130048K, 0% used [0x000000076bd00000,0x000000076bd00000,0x0000000773c00000)
  from space 10752K, 99% used [0x0000000774680000,0x00000007750f8fa0,0x0000000775100000)
  to   space 10752K, 0% used [0x0000000773c00000,0x0000000773c00000,0x0000000774680000)
 ParOldGen       total 173568K, used 7538K [0x00000006c3600000, 0x00000006cdf80000, 0x000000076bd00000)
  object space 173568K, 4% used [0x00000006c3600000,0x00000006c3d5c870,0x00000006cdf80000)
 Metaspace       used 9669K, capacity 9802K, committed 9856K, reserved 1058816K
  class space    used 1055K, capacity 1118K, committed 1152K, reserved 1048576K
}
Event: 2.118 GC heap before
{Heap before GC invocations=5 (full 0):
 PSYoungGen      total 140800K, used 140771K [0x000000076bd00000, 0x0000000775100000, 0x00000007c0000000)
  eden space 130048K, 100% used [0x000000076bd00000,0x0000000773c00000,0x0000000773c00000)
  from space 10752K, 99% used [0x0000000774680000,0x00000007750f8fa0,0x0000000775100000)
  to   space 10752K, 0% used [0x0000000773c00000,0x0000000773c00000,0x0000000774680000)
 ParOldGen       total 173568K, used 7538K [0x00000006c3600000, 0x00000006cdf80000, 0x000000076bd00000)
  object space 173568K, 4% used [0x00000006c3600000,0x00000006c3d5c870,0x00000006cdf80000)
 Metaspace       used 9695K, capacity 9802K, committed 9856K, reserved 1058816K
  class space    used 1056K, capacity 1118K, committed 1152K, reserved 1048576K
Event: 2.122 GC heap after
Heap after GC invocations=5 (full 0):
 PSYoungGen      total 140800K, used 10739K [0x000000076bd00000, 0x000000077db00000, 0x00000007c0000000)
  eden space 130048K, 0% used [0x000000076bd00000,0x000000076bd00000,0x0000000773c00000)
  from space 10752K, 99% used [0x0000000773c00000,0x000000077467cfb0,0x0000000774680000)
  to   space 16384K, 0% used [0x000000077cb00000,0x000000077cb00000,0x000000077db00000)
 ParOldGen       total 173568K, used 7554K [0x00000006c3600000, 0x00000006cdf80000, 0x000000076bd00000)
  object space 173568K, 4% used [0x00000006c3600000,0x00000006c3d60870,0x00000006cdf80000)
 Metaspace       used 9695K, capacity 9802K, committed 9856K, reserved 1058816K
  class space    used 1056K, capacity 1118K, committed 1152K, reserved 1048576K
}
Event: 2.454 GC heap before
{Heap before GC invocations=6 (full 0):
 PSYoungGen      total 140800K, used 140787K [0x000000076bd00000, 0x000000077db00000, 0x00000007c0000000)
  eden space 130048K, 100% used [0x000000076bd00000,0x0000000773c00000,0x0000000773c00000)
  from space 10752K, 99% used [0x0000000773c00000,0x000000077467cfb0,0x0000000774680000)
  to   space 16384K, 0% used [0x000000077cb00000,0x000000077cb00000,0x000000077db00000)
 ParOldGen       total 173568K, used 7554K [0x00000006c3600000, 0x00000006cdf80000, 0x000000076bd00000)
  object space 173568K, 4% used [0x00000006c3600000,0x00000006c3d60870,0x00000006cdf80000)
 Metaspace       used 9706K, capacity 9802K, committed 9856K, reserved 1058816K
  class space    used 1056K, capacity 1118K, committed 1152K, reserved 1048576K
Event: 2.457 GC heap after
Heap after GC invocations=6 (full 0):
 PSYoungGen      total 275456K, used 11027K [0x000000076bd00000, 0x000000077da00000, 0x00000007c0000000)
  eden space 260096K, 0% used [0x000000076bd00000,0x000000076bd00000,0x000000077bb00000)
  from space 15360K, 71% used [0x000000077cb00000,0x000000077d5c4fb0,0x000000077da00000)
  to   space 15872K, 0% used [0x000000077bb00000,0x000000077bb00000,0x000000077ca80000)
 ParOldGen       total 173568K, used 7554K [0x00000006c3600000, 0x00000006cdf80000, 0x000000076bd00000)
  object space 173568K, 4% used [0x00000006c3600000,0x00000006c3d60870,0x00000006cdf80000)
 Metaspace       used 9706K, capacity 9802K, committed 9856K, reserved 1058816K
  class space    used 1056K, capacity 1118K, committed 1152K, reserved 1048576K
}
Event: 4.165 GC heap before
{Heap before GC invocations=7 (full 0):
 PSYoungGen      total 275456K, used 271123K [0x000000076bd00000, 0x000000077da00000, 0x00000007c0000000)
  eden space 260096K, 100% used [0x000000076bd00000,0x000000077bb00000,0x000000077bb00000)
  from space 15360K, 71% used [0x000000077cb00000,0x000000077d5c4fb0,0x000000077da00000)
  to   space 15872K, 0% used [0x000000077bb00000,0x000000077bb00000,0x000000077ca80000)
 ParOldGen       total 173568K, used 7554K [0x00000006c3600000, 0x00000006cdf80000, 0x000000076bd00000)
  object space 173568K, 4% used [0x00000006c3600000,0x00000006c3d60870,0x00000006cdf80000)
 Metaspace       used 9718K, capacity 9866K, committed 10112K, reserved 1058816K
  class space    used 1056K, capacity 1118K, committed 1152K, reserved 1048576K
Event: 4.171 GC heap after
Heap after GC invocations=7 (full 0):
 PSYoungGen      total 275968K, used 672K [0x000000076bd00000, 0x000000078dc00000, 0x00000007c0000000)
  eden space 260096K, 0% used [0x000000076bd00000,0x000000076bd00000,0x000000077bb00000)
  from space 15872K, 4% used [0x000000077bb00000,0x000000077bba8000,0x000000077ca80000)
  to   space 17920K, 0% used [0x000000078ca80000,0x000000078ca80000,0x000000078dc00000)
 ParOldGen       total 173568K, used 17904K [0x00000006c3600000, 0x00000006cdf80000, 0x000000076bd00000)
  object space 173568K, 10% used [0x00000006c3600000,0x00000006c477c070,0x00000006cdf80000)
 Metaspace       used 9718K, capacity 9866K, committed 10112K, reserved 1058816K
  class space    used 1056K, capacity 1118K, committed 1152K, reserved 1048576K
}
Event: 7.115 GC heap before
{Heap before GC invocations=8 (full 0):
 PSYoungGen      total 275968K, used 260768K [0x000000076bd00000, 0x000000078dc00000, 0x00000007c0000000)
  eden space 260096K, 100% used [0x000000076bd00000,0x000000077bb00000,0x000000077bb00000)
  from space 15872K, 4% used [0x000000077bb00000,0x000000077bba8000,0x000000077ca80000)
  to   space 17920K, 0% used [0x000000078ca80000,0x000000078ca80000,0x000000078dc00000)
 ParOldGen       total 173568K, used 17904K [0x00000006c3600000, 0x00000006cdf80000, 0x000000076bd00000)
  object space 173568K, 10% used [0x00000006c3600000,0x00000006c477c070,0x00000006cdf80000)
 Metaspace       used 9727K, capacity 9930K, committed 10112K, reserved 1058816K
  class space    used 1056K, capacity 1118K, committed 1152K, reserved 1048576K
Event: 7.116 GC heap after
Heap after GC invocations=8 (full 0):
 PSYoungGen      total 537088K, used 352K [0x000000076bd00000, 0x000000078de00000, 0x00000007c0000000)
  eden space 519168K, 0% used [0x000000076bd00000,0x000000076bd00000,0x000000078b800000)
  from space 17920K, 1% used [0x000000078ca80000,0x000000078cad8000,0x000000078dc00000)
  to   space 18944K, 0% used [0x000000078b800000,0x000000078b800000,0x000000078ca80000)
 ParOldGen       total 173568K, used 17984K [0x00000006c3600000, 0x00000006cdf80000, 0x000000076bd00000)
  object space 173568K, 10% used [0x00000006c3600000,0x00000006c4790070,0x00000006cdf80000)
 Metaspace       used 9727K, capacity 9930K, committed 10112K, reserved 1058816K
  class space    used 1056K, capacity 1118K, committed 1152K, reserved 1048576K
}

